Starting with 39 concepts.
g4f is up-to-date (version 7.8.12).
Added 8 for portal de acceso cautivo. Total concepts: 47
Added 5 for tecnología de banda ancha. Total concepts: 52
Added 4 for extensiones de navegador web. Total concepts: 56
Added 10 for túneles privados virtuales VPN. Total concepts: 66
Added 2 for conexión por datos celulares. Total concepts: 68
Added 8 for diseño web responsivo móvil. Total concepts: 76
Added 10 for indexación de sitios web. Total concepts: 86
Added 2 for extensiones de navegador web. Total concepts: 88
Added 7 for conexión por datos celulares. Total concepts: 95
Added 4 for transferencia de protocolo FTP. Total concepts: 99
Added 4 for plataformas de teletrabajo online. Total concepts: 103
Added 3 for tecnología de banda ancha. Total concepts: 106
Added 7 for transferencia de protocolo FTP. Total concepts: 113
Added 10 for blogs de publicación digital. Total concepts: 123
Added 10 for comunidades virtuales de internet. Total concepts: 133
Added 3 for diseño web responsivo móvil. Total concepts: 136
Added 4 for wikis de información colaborativa. Total concepts: 140
Added 10 for alojamiento de páginas web. Total concepts: 150
Added 1 for blogs de publicación digital. Total concepts: 151
Added 8 for alojamiento de páginas web. Total concepts: 159
Added 10 for almacenamiento remoto en línea. Total concepts: 169
Added 6 for aplicaciones web de internet. Total concepts: 175
Added 10 for banca electrónica en línea. Total concepts: 185
Added 5 for banca electrónica en línea. Total concepts: 190
Added 8 for wikis de información colaborativa. Total concepts: 198
Added 7 for plataformas de teletrabajo online. Total concepts: 205
