2026-07-20 19:36:16,063 - INFO - Concepto 1/200 agregado.
2026-07-20 19:36:16,063 - INFO - Concepto 2/200 agregado.
2026-07-20 19:36:16,063 - INFO - Concepto 3/200 agregado.
2026-07-20 19:36:16,063 - INFO - Concepto 4/200 agregado.
2026-07-20 19:36:16,063 - INFO - Concepto 5/200 agregado.
2026-07-20 19:36:16,064 - INFO - Concepto 6/200 agregado.
2026-07-20 19:36:16,064 - INFO - Concepto 7/200 agregado.
2026-07-20 19:36:16,064 - INFO - Concepto 8/200 agregado.
2026-07-20 19:36:16,064 - INFO - Concepto 9/200 agregado.
2026-07-20 19:36:16,064 - INFO - Concepto 10/200 agregado.
2026-07-20 19:36:16,064 - INFO - Concepto 11/200 agregado.
2026-07-20 19:36:16,064 - INFO - Concepto 12/200 agregado.
2026-07-20 19:36:16,064 - INFO - Concepto 13/200 agregado.
2026-07-20 19:36:16,064 - INFO - Concepto 14/200 agregado.
2026-07-20 19:36:16,064 - INFO - Concepto 15/200 agregado.
2026-07-20 19:36:16,064 - INFO - Guardado lote. Total: 15
2026-07-20 19:36:23,044 - INFO - Concepto 16/200 agregado.
2026-07-20 19:36:23,044 - INFO - Concepto 17/200 agregado.
2026-07-20 19:36:23,044 - INFO - Concepto 18/200 agregado.
2026-07-20 19:36:23,044 - INFO - Concepto 19/200 agregado.
2026-07-20 19:36:23,044 - INFO - Concepto 20/200 agregado.
2026-07-20 19:36:23,044 - INFO - Concepto 21/200 agregado.
2026-07-20 19:36:23,044 - INFO - Concepto 22/200 agregado.
2026-07-20 19:36:23,044 - INFO - Concepto 23/200 agregado.
2026-07-20 19:36:23,044 - INFO - Concepto 24/200 agregado.
2026-07-20 19:36:23,044 - INFO - Concepto 25/200 agregado.
2026-07-20 19:36:23,044 - INFO - Concepto 26/200 agregado.
2026-07-20 19:36:23,044 - INFO - Concepto 27/200 agregado.
2026-07-20 19:36:23,044 - INFO - Concepto 28/200 agregado.
2026-07-20 19:36:23,045 - INFO - Concepto 29/200 agregado.
2026-07-20 19:36:23,045 - INFO - Concepto 30/200 agregado.
2026-07-20 19:36:23,045 - INFO - Guardado lote. Total: 30
2026-07-20 19:36:31,664 - INFO - Concepto 31/200 agregado.
2026-07-20 19:36:31,664 - INFO - Concepto 32/200 agregado.
2026-07-20 19:36:31,664 - INFO - Concepto 33/200 agregado.
2026-07-20 19:36:31,664 - INFO - Concepto 34/200 agregado.
2026-07-20 19:36:31,664 - INFO - Concepto 35/200 agregado.
2026-07-20 19:36:31,664 - INFO - Concepto 36/200 agregado.
2026-07-20 19:36:31,664 - INFO - Concepto 37/200 agregado.
2026-07-20 19:36:31,664 - INFO - Concepto 38/200 agregado.
2026-07-20 19:36:31,665 - INFO - Concepto 39/200 agregado.
2026-07-20 19:36:31,665 - INFO - Concepto 40/200 agregado.
2026-07-20 19:36:31,665 - INFO - Concepto 41/200 agregado.
2026-07-20 19:36:31,665 - INFO - Concepto 42/200 agregado.
2026-07-20 19:36:31,665 - INFO - Concepto 43/200 agregado.
2026-07-20 19:36:31,665 - INFO - Concepto 44/200 agregado.
2026-07-20 19:36:31,665 - INFO - Concepto 45/200 agregado.
2026-07-20 19:36:31,666 - INFO - Guardado lote. Total: 45
2026-07-20 19:36:39,514 - INFO - Concepto 46/200 agregado.
2026-07-20 19:36:39,514 - INFO - Concepto 47/200 agregado.
2026-07-20 19:36:39,514 - INFO - Concepto 48/200 agregado.
2026-07-20 19:36:39,514 - INFO - Concepto 49/200 agregado.
2026-07-20 19:36:39,514 - INFO - Concepto 50/200 agregado.
2026-07-20 19:36:39,514 - INFO - Concepto 51/200 agregado.
2026-07-20 19:36:39,515 - INFO - Concepto 52/200 agregado.
2026-07-20 19:36:39,515 - INFO - Concepto 53/200 agregado.
2026-07-20 19:36:39,515 - INFO - Concepto 54/200 agregado.
2026-07-20 19:36:39,515 - INFO - Concepto 55/200 agregado.
2026-07-20 19:36:39,515 - INFO - Concepto 56/200 agregado.
2026-07-20 19:36:39,515 - INFO - Concepto 57/200 agregado.
2026-07-20 19:36:39,515 - INFO - Concepto 58/200 agregado.
2026-07-20 19:36:39,515 - INFO - Concepto 59/200 agregado.
2026-07-20 19:36:39,515 - INFO - Concepto 60/200 agregado.
2026-07-20 19:36:39,516 - INFO - Guardado lote. Total: 60
2026-07-20 19:36:47,837 - INFO - Concepto 61/200 agregado.
2026-07-20 19:36:47,837 - INFO - Concepto 62/200 agregado.
2026-07-20 19:36:47,838 - INFO - Concepto 63/200 agregado.
2026-07-20 19:36:47,838 - INFO - Concepto 64/200 agregado.
2026-07-20 19:36:47,838 - INFO - Concepto 65/200 agregado.
2026-07-20 19:36:47,838 - INFO - Concepto 66/200 agregado.
2026-07-20 19:36:47,838 - INFO - Concepto 67/200 agregado.
2026-07-20 19:36:47,838 - INFO - Concepto 68/200 agregado.
2026-07-20 19:36:47,838 - INFO - Concepto 69/200 agregado.
2026-07-20 19:36:47,838 - INFO - Concepto 70/200 agregado.
2026-07-20 19:36:47,838 - INFO - Concepto 71/200 agregado.
2026-07-20 19:36:47,838 - INFO - Concepto 72/200 agregado.
2026-07-20 19:36:47,838 - INFO - Concepto 73/200 agregado.
2026-07-20 19:36:47,838 - INFO - Concepto 74/200 agregado.
2026-07-20 19:36:47,838 - INFO - Concepto 75/200 agregado.
2026-07-20 19:36:47,840 - INFO - Guardado lote. Total: 75
2026-07-20 19:36:54,931 - INFO - Concepto 76/200 agregado.
2026-07-20 19:36:54,931 - INFO - Concepto 77/200 agregado.
2026-07-20 19:36:54,931 - INFO - Concepto 78/200 agregado.
2026-07-20 19:36:54,931 - INFO - Concepto 79/200 agregado.
2026-07-20 19:36:54,931 - INFO - Concepto 80/200 agregado.
2026-07-20 19:36:54,931 - INFO - Concepto 81/200 agregado.
2026-07-20 19:36:54,931 - INFO - Concepto 82/200 agregado.
2026-07-20 19:36:54,931 - INFO - Concepto 83/200 agregado.
2026-07-20 19:36:54,931 - INFO - Concepto 84/200 agregado.
2026-07-20 19:36:54,931 - INFO - Concepto 85/200 agregado.
2026-07-20 19:36:54,931 - INFO - Concepto 86/200 agregado.
2026-07-20 19:36:54,931 - INFO - Concepto 87/200 agregado.
2026-07-20 19:36:54,931 - INFO - Concepto 88/200 agregado.
2026-07-20 19:36:54,931 - INFO - Concepto 89/200 agregado.
2026-07-20 19:36:54,931 - INFO - Concepto 90/200 agregado.
2026-07-20 19:36:54,933 - INFO - Guardado lote. Total: 90
2026-07-20 19:37:01,919 - INFO - Concepto 91/200 agregado.
2026-07-20 19:37:01,919 - INFO - Concepto 92/200 agregado.
2026-07-20 19:37:01,919 - INFO - Concepto 93/200 agregado.
2026-07-20 19:37:01,919 - INFO - Concepto 94/200 agregado.
2026-07-20 19:37:01,920 - INFO - Concepto 95/200 agregado.
2026-07-20 19:37:01,920 - INFO - Concepto 96/200 agregado.
2026-07-20 19:37:01,920 - INFO - Concepto 97/200 agregado.
2026-07-20 19:37:01,920 - INFO - Concepto 98/200 agregado.
2026-07-20 19:37:01,920 - INFO - Concepto 99/200 agregado.
2026-07-20 19:37:01,920 - INFO - Concepto 100/200 agregado.
2026-07-20 19:37:01,920 - INFO - Concepto 101/200 agregado.
2026-07-20 19:37:01,920 - INFO - Concepto 102/200 agregado.
2026-07-20 19:37:01,920 - INFO - Concepto 103/200 agregado.
2026-07-20 19:37:01,920 - INFO - Concepto 104/200 agregado.
2026-07-20 19:37:01,920 - INFO - Concepto 105/200 agregado.
2026-07-20 19:37:01,922 - INFO - Guardado lote. Total: 105
2026-07-20 19:38:24,522 - INFO - Concepto 106/200 agregado.
2026-07-20 19:38:24,522 - INFO - Concepto 107/200 agregado.
2026-07-20 19:38:24,522 - INFO - Concepto 108/200 agregado.
2026-07-20 19:38:24,522 - INFO - Concepto 109/200 agregado.
2026-07-20 19:38:24,522 - INFO - Concepto 110/200 agregado.
2026-07-20 19:38:24,522 - INFO - Concepto 111/200 agregado.
2026-07-20 19:38:24,522 - INFO - Concepto 112/200 agregado.
2026-07-20 19:38:24,522 - INFO - Concepto 113/200 agregado.
2026-07-20 19:38:24,522 - INFO - Concepto 114/200 agregado.
2026-07-20 19:38:24,522 - INFO - Concepto 115/200 agregado.
2026-07-20 19:38:24,522 - INFO - Concepto 116/200 agregado.
2026-07-20 19:38:24,522 - INFO - Concepto 117/200 agregado.
2026-07-20 19:38:24,522 - INFO - Concepto 118/200 agregado.
2026-07-20 19:38:24,522 - INFO - Concepto 119/200 agregado.
2026-07-20 19:38:24,522 - INFO - Concepto 120/200 agregado.
2026-07-20 19:38:24,525 - INFO - Guardado lote. Total: 120
2026-07-20 19:38:32,933 - INFO - Concepto 121/200 agregado.
2026-07-20 19:38:32,933 - INFO - Concepto 122/200 agregado.
2026-07-20 19:38:32,933 - INFO - Concepto 123/200 agregado.
2026-07-20 19:38:32,933 - INFO - Concepto 124/200 agregado.
2026-07-20 19:38:32,933 - INFO - Concepto 125/200 agregado.
2026-07-20 19:38:32,933 - INFO - Concepto 126/200 agregado.
2026-07-20 19:38:32,934 - INFO - Concepto 127/200 agregado.
2026-07-20 19:38:32,934 - INFO - Concepto 128/200 agregado.
2026-07-20 19:38:32,934 - INFO - Concepto 129/200 agregado.
2026-07-20 19:38:32,934 - INFO - Concepto 130/200 agregado.
2026-07-20 19:38:32,934 - INFO - Concepto 131/200 agregado.
2026-07-20 19:38:32,934 - INFO - Concepto 132/200 agregado.
2026-07-20 19:38:32,934 - INFO - Concepto 133/200 agregado.
2026-07-20 19:38:32,934 - INFO - Concepto 134/200 agregado.
2026-07-20 19:38:32,934 - INFO - Concepto 135/200 agregado.
2026-07-20 19:38:32,937 - INFO - Guardado lote. Total: 135
2026-07-20 19:38:40,613 - INFO - Concepto 136/200 agregado.
2026-07-20 19:38:40,613 - INFO - Concepto 137/200 agregado.
2026-07-20 19:38:40,613 - INFO - Concepto 138/200 agregado.
2026-07-20 19:38:40,613 - INFO - Concepto 139/200 agregado.
2026-07-20 19:38:40,613 - INFO - Concepto 140/200 agregado.
2026-07-20 19:38:40,613 - INFO - Concepto 141/200 agregado.
2026-07-20 19:38:40,613 - INFO - Concepto 142/200 agregado.
2026-07-20 19:38:40,613 - INFO - Concepto 143/200 agregado.
2026-07-20 19:38:40,614 - INFO - Concepto 144/200 agregado.
2026-07-20 19:38:40,614 - INFO - Concepto 145/200 agregado.
2026-07-20 19:38:40,614 - INFO - Concepto 146/200 agregado.
2026-07-20 19:38:40,614 - INFO - Concepto 147/200 agregado.
2026-07-20 19:38:40,614 - INFO - Concepto 148/200 agregado.
2026-07-20 19:38:40,614 - INFO - Concepto 149/200 agregado.
2026-07-20 19:38:40,614 - INFO - Concepto 150/200 agregado.
2026-07-20 19:38:40,617 - INFO - Guardado lote. Total: 150
2026-07-20 19:38:49,482 - INFO - Concepto 151/200 agregado.
2026-07-20 19:38:49,482 - INFO - Concepto 152/200 agregado.
2026-07-20 19:38:49,482 - INFO - Concepto 153/200 agregado.
2026-07-20 19:38:49,482 - INFO - Concepto 154/200 agregado.
2026-07-20 19:38:49,482 - INFO - Concepto 155/200 agregado.
2026-07-20 19:38:49,482 - INFO - Concepto 156/200 agregado.
2026-07-20 19:38:49,482 - INFO - Concepto 157/200 agregado.
2026-07-20 19:38:49,482 - INFO - Concepto 158/200 agregado.
2026-07-20 19:38:49,482 - INFO - Concepto 159/200 agregado.
2026-07-20 19:38:49,482 - INFO - Concepto 160/200 agregado.
2026-07-20 19:38:49,482 - INFO - Concepto 161/200 agregado.
2026-07-20 19:38:49,482 - INFO - Concepto 162/200 agregado.
2026-07-20 19:38:49,482 - INFO - Concepto 163/200 agregado.
2026-07-20 19:38:49,483 - INFO - Concepto 164/200 agregado.
2026-07-20 19:38:49,483 - INFO - Concepto 165/200 agregado.
2026-07-20 19:38:49,486 - INFO - Guardado lote. Total: 165
2026-07-20 19:38:56,708 - INFO - Concepto 166/200 agregado.
2026-07-20 19:38:56,708 - INFO - Concepto 167/200 agregado.
2026-07-20 19:38:56,708 - INFO - Concepto 168/200 agregado.
2026-07-20 19:38:56,708 - INFO - Concepto 169/200 agregado.
2026-07-20 19:38:56,708 - INFO - Concepto 170/200 agregado.
2026-07-20 19:38:56,709 - INFO - Concepto 171/200 agregado.
2026-07-20 19:38:56,709 - INFO - Concepto 172/200 agregado.
2026-07-20 19:38:56,709 - INFO - Concepto 173/200 agregado.
2026-07-20 19:38:56,709 - INFO - Concepto 174/200 agregado.
2026-07-20 19:38:56,709 - INFO - Concepto 175/200 agregado.
2026-07-20 19:38:56,709 - INFO - Concepto 176/200 agregado.
2026-07-20 19:38:56,709 - INFO - Concepto 177/200 agregado.
2026-07-20 19:38:56,709 - INFO - Concepto 178/200 agregado.
2026-07-20 19:38:56,709 - INFO - Concepto 179/200 agregado.
2026-07-20 19:38:56,709 - INFO - Concepto 180/200 agregado.
2026-07-20 19:38:56,712 - INFO - Guardado lote. Total: 180
2026-07-20 19:39:05,892 - INFO - Concepto 181/200 agregado.
2026-07-20 19:39:05,892 - INFO - Concepto 182/200 agregado.
2026-07-20 19:39:05,893 - INFO - Concepto 183/200 agregado.
2026-07-20 19:39:05,893 - INFO - Concepto 184/200 agregado.
2026-07-20 19:39:05,893 - INFO - Concepto 185/200 agregado.
2026-07-20 19:39:05,893 - INFO - Concepto 186/200 agregado.
2026-07-20 19:39:05,893 - INFO - Concepto 187/200 agregado.
2026-07-20 19:39:05,893 - INFO - Concepto 188/200 agregado.
2026-07-20 19:39:05,893 - INFO - Concepto 189/200 agregado.
2026-07-20 19:39:05,893 - INFO - Concepto 190/200 agregado.
2026-07-20 19:39:05,893 - INFO - Concepto 191/200 agregado.
2026-07-20 19:39:05,893 - INFO - Concepto 192/200 agregado.
2026-07-20 19:39:05,893 - INFO - Concepto 193/200 agregado.
2026-07-20 19:39:05,893 - INFO - Concepto 194/200 agregado.
2026-07-20 19:39:05,893 - INFO - Concepto 195/200 agregado.
2026-07-20 19:39:05,896 - INFO - Guardado lote. Total: 195
2026-07-20 19:39:13,971 - INFO - Concepto 196/200 agregado.
2026-07-20 19:39:13,971 - INFO - Concepto 197/200 agregado.
2026-07-20 19:39:13,971 - INFO - Concepto 198/200 agregado.
2026-07-20 19:39:13,971 - INFO - Concepto 199/200 agregado.
2026-07-20 19:39:13,971 - INFO - Concepto 200/200 agregado.
2026-07-20 19:39:13,975 - INFO - Guardado lote. Total: 200
/home/jules/.pyenv/versions/3.12.13/lib/python3.12/asyncio/events.py:88: RuntimeWarning: coroutine 'fetch_concept' was never awaited
  self._context.run(self._callback, *self._args)
RuntimeWarning: Enable tracemalloc to get the object allocation traceback
