Generated 1/175: verbo_ser_estar_ingles_definicion_anatomica_o_estructural_verbo_estructura
Generated 2/175: verbo_ser_estar_ingles_dinamica_y_funcionamiento_fisico_verbo_cuerpo
Generated 3/175: verbo_ser_estar_ingles_errores_fallas_y_patologias_comunes_verbo_uso
Generated 4/175: verbo_ser_estar_ingles_historia_origen_y_evolucion_historia_origen
Generated 5/175: verbo_ser_estar_ingles_contexto_y_entorno_ecologico_verbo_identidad
Generated 6/175: verbo_ser_estar_ingles_aplicaciones_practicas_en_la_vida_real_verbo_uso
Generated 7/175: verbo_ser_estar_ingles_importancia_e_impacto_social_verbo_identidad
Generated 8/175: verbo_ser_estar_ingles_ventajas_y_desventajas_comparativas_verbo_uso
Generated 9/175: verbo_ser_estar_ingles_riesgos_y_medidas_de_seguridad_verbo_riesgo
Generated 10/175: verbo_ser_estar_ingles_mitos_y_concepciones_erroneas_verbo_confusion
Generated 11/175: verbo_ser_estar_ingles_relacion_simbiotica_con_otros_sistemas_verbo_sistema
Generated 12/175: verbo_ser_estar_ingles_experimentos_y_demostraciones_escolares_verbo_uso
Generated 13/175: verbo_ser_estar_ingles_consecuencias_a_largo_plazo_verbo_uso
Generated 14/175: verbo_ser_estar_ingles_mantenimiento_y_prevencion_verbo_uso
Generated 15/175: verbo_ser_estar_ingles_proyecciones_futuras_y_tecnologia_verbo_futuro
Generated 16/175: presente_simple_tiempos_ingleses_definicion_anatomica_o_estructural_verbo_sujeto
Generated 17/175: presente_simple_tiempos_ingleses_dinamica_y_funcionamiento_fisico_presente_accion
Generated 18/175: presente_simple_tiempos_ingleses_errores_fallas_y_patologias_comunes_verbo_sujeto
Generated 19/175: presente_simple_tiempos_ingleses_historia_origen_y_evolucion_historia_origen
Generated 20/175: presente_simple_tiempos_ingleses_contexto_y_entorno_ecologico_presente_ingles
Generated 21/175: presente_simple_tiempos_ingleses_aplicaciones_practicas_en_la_vida_real_accion_rutina
Generated 22/175: presente_simple_tiempos_ingleses_importancia_e_impacto_social_comunicacion_sociedad
Generated 23/175: presente_simple_tiempos_ingleses_ventajas_y_desventajas_comparativas_presente_verbo
Generated 24/175: presente_simple_tiempos_ingleses_clasificacion_taxonomica_verbo_accion
Generated 25/175: presente_simple_tiempos_ingleses_calculos_y_formulas_asociadas_verbo_sujeto
Generated 26/175: presente_simple_tiempos_ingleses_mitos_y_concepciones_erroneas_mito_error
Generated 27/175: presente_simple_tiempos_ingleses_relacion_simbiotica_con_otros_sistemas_presente_verbo
Generated 28/175: presente_simple_tiempos_ingleses_transformacion_y_ciclos_energeticos_presente_energia
Generated 29/175: presente_simple_tiempos_ingleses_experimentos_y_demostraciones_escolares_presente_verbo
Generated 30/175: presente_simple_tiempos_ingleses_consecuencias_a_largo_plazo_presente_verbo
Generated 31/175: presente_simple_tiempos_ingleses_mantenimiento_y_prevencion_verbo_accion
Generated 32/175: presente_simple_tiempos_ingleses_proyecciones_futuras_y_tecnologia_presente_tecnologia
Generated 33/175: pasado_simple_tiempos_ingleses_definicion_anatomica_o_estructural_verbo_accion
Generated 34/175: pasado_simple_tiempos_ingleses_dinamica_y_funcionamiento_fisico_accion_cambio
Generated 35/175: pasado_simple_tiempos_ingleses_errores_fallas_y_patologias_comunes_verbo_sujeto
Generated 36/175: pasado_simple_tiempos_ingleses_historia_origen_y_evolucion_historia_origen
Generated 37/175: pasado_simple_tiempos_ingleses_contexto_y_entorno_ecologico_verbo_accion
Generated 38/175: pasado_simple_tiempos_ingleses_aplicaciones_practicas_en_la_vida_real_accion_pasado
Generated 39/175: pasado_simple_tiempos_ingleses_importancia_e_impacto_social_pasado_accion
Generated 40/175: pasado_simple_tiempos_ingleses_ventajas_y_desventajas_comparativas_verbo_accion
Generated 41/175: pasado_simple_tiempos_ingleses_riesgos_y_medidas_de_seguridad_pasado_accion
Generated 42/175: pasado_simple_tiempos_ingleses_clasificacion_taxonomica_verbo_accion
Generated 43/175: pasado_simple_tiempos_ingleses_calculos_y_formulas_asociadas_verbo_accion
Generated 44/175: pasado_simple_tiempos_ingleses_mitos_y_concepciones_erroneas_pasado_verbo
Generated 45/175: pasado_simple_tiempos_ingleses_relacion_simbiotica_con_otros_sistemas_verbo_accion
Generated 46/175: pasado_simple_tiempos_ingleses_experimentos_y_demostraciones_escolares_pasado_accion
Generated 47/175: pasado_simple_tiempos_ingleses_consecuencias_a_largo_plazo_accion_pasado
Generated 48/175: pasado_simple_tiempos_ingleses_impacto_ambiental_pasado_impacto
Generated 49/175: pasado_simple_tiempos_ingleses_mantenimiento_y_prevencion_verbo_accion
Generated 50/175: pasado_simple_tiempos_ingleses_proyecciones_futuras_y_tecnologia_pasado_tecnologia
Generated 51/175: futuro_continuo_tiempos_ingleses_definicion_anatomica_o_estructural_futuro_accion
Generated 52/175: futuro_continuo_tiempos_ingleses_dinamica_y_funcionamiento_fisico_futuro_accion
Generated 53/175: futuro_continuo_tiempos_ingleses_errores_fallas_y_patologias_comunes_futuro_continuo
Generated 54/175: futuro_continuo_tiempos_ingleses_historia_origen_y_evolucion_historia_origen
Generated 55/175: futuro_continuo_tiempos_ingleses_aplicaciones_practicas_en_la_vida_real_futuro_accion
Generated 56/175: futuro_continuo_tiempos_ingleses_importancia_e_impacto_social_futuro_accion
Generated 57/175: futuro_continuo_tiempos_ingleses_ventajas_y_desventajas_comparativas_futuro_accion
Generated 58/175: futuro_continuo_tiempos_ingleses_riesgos_y_medidas_de_seguridad_futuro_accion
Generated 59/175: futuro_continuo_tiempos_ingleses_clasificacion_taxonomica_futuro_accion
Generated 60/175: futuro_continuo_tiempos_ingleses_calculos_y_formulas_asociadas_futuro_calculo
Generated 61/175: futuro_continuo_tiempos_ingleses_mitos_y_concepciones_erroneas_futuro_accion
Generated 62/175: futuro_continuo_tiempos_ingleses_relacion_simbiotica_con_otros_sistemas_futuro_accion
Generated 63/175: futuro_continuo_tiempos_ingleses_experimentos_y_demostraciones_escolares_futuro_accion
Generated 64/175: futuro_continuo_tiempos_ingleses_consecuencias_a_largo_plazo_futuro_accion
Generated 65/175: futuro_continuo_tiempos_ingleses_impacto_ambiental_futuro_impacto
Generated 66/175: futuro_continuo_tiempos_ingleses_mantenimiento_y_prevencion_futuro_accion
Generated 67/175: futuro_continuo_tiempos_ingleses_proyecciones_futuras_y_tecnologia_futuro_tecnologia
Generated 68/175: verbos_irregulares_lexico_ingles_definicion_anatomica_o_estructural_verbo_forma
Generated 69/175: verbos_irregulares_lexico_ingles_dinamica_y_funcionamiento_fisico_verbo_cambio
Generated 70/175: verbos_irregulares_lexico_ingles_errores_fallas_y_patologias_comunes_verbo_error
Generated 71/175: verbos_irregulares_lexico_ingles_historia_origen_y_evolucion_historia_idioma
Generated 72/175: verbos_irregulares_lexico_ingles_contexto_y_entorno_ecologico_verbo_irregular
Generated 73/175: verbos_irregulares_lexico_ingles_aplicaciones_practicas_en_la_vida_real_verbo_ingles
Generated 74/175: verbos_irregulares_lexico_ingles_importancia_e_impacto_social_verbos_lenguaje
Generated 75/175: verbos_irregulares_lexico_ingles_ventajas_y_desventajas_comparativas_verbo_irregular
Generated 76/175: verbos_irregulares_lexico_ingles_clasificacion_taxonomica_verbos_ingles
Generated 77/175: verbos_irregulares_lexico_ingles_calculos_y_formulas_asociadas_verbo_irregular
Generated 78/175: verbos_irregulares_lexico_ingles_mitos_y_concepciones_erroneas_verbo_mito
Generated 79/175: verbos_irregulares_lexico_ingles_relacion_simbiotica_con_otros_sistemas_verbo_simbolo
Generated 80/175: verbos_irregulares_lexico_ingles_experimentos_y_demostraciones_escolares_verbo_irregular
Generated 81/175: verbos_irregulares_lexico_ingles_consecuencias_a_largo_plazo_verbos_ingles
Generated 82/175: verbos_irregulares_lexico_ingles_impacto_ambiental_verbos_ingles
Generated 83/175: verbos_irregulares_lexico_ingles_mantenimiento_y_prevencion_verbos_ingles
Generated 84/175: verbos_irregulares_lexico_ingles_proyecciones_futuras_y_tecnologia_verbos_tecnologia
Generated 85/175: verbos_regulares_lexico_ingles_definicion_anatomica_o_estructural_verbo_raiz
Generated 86/175: verbos_regulares_lexico_ingles_dinamica_y_funcionamiento_fisico_verbo_accion
Generated 87/175: verbos_regulares_lexico_ingles_errores_fallas_y_patologias_comunes_verbo_conjugacion
Generated 88/175: verbos_regulares_lexico_ingles_historia_origen_y_evolucion_historia_origen
Generated 89/175: verbos_regulares_lexico_ingles_contexto_y_entorno_ecologico_verbo_accion
Generated 90/175: verbos_regulares_lexico_ingles_aplicaciones_practicas_en_la_vida_real_verbo_accion
Generated 91/175: verbos_regulares_lexico_ingles_importancia_e_impacto_social_verbo_accion
Generated 92/175: verbos_regulares_lexico_ingles_ventajas_y_desventajas_comparativas_verbos_ingles
Generated 93/175: verbos_regulares_lexico_ingles_riesgos_y_medidas_de_seguridad_verbos_ingles
Generated 94/175: verbos_regulares_lexico_ingles_clasificacion_taxonomica_verbos_clasificacion
Generated 95/175: verbos_regulares_lexico_ingles_mitos_y_concepciones_erroneas_verbo_regla
Generated 96/175: verbos_regulares_lexico_ingles_relacion_simbiotica_con_otros_sistemas_verbo_sistema
Generated 97/175: verbos_regulares_lexico_ingles_experimentos_y_demostraciones_escolares_verbo_accion
Generated 98/175: verbos_regulares_lexico_ingles_consecuencias_a_largo_plazo_verbo_accion
Generated 99/175: verbos_regulares_lexico_ingles_impacto_ambiental_verbos_impacto
Generated 100/175: verbos_regulares_lexico_ingles_mantenimiento_y_prevencion_verbo_accion
Generated 101/175: verbos_regulares_lexico_ingles_proyecciones_futuras_y_tecnologia_verbos_tecnologia
Generated 102/175: presente_continuo_tiempos_ingleses_definicion_anatomica_o_estructural_verbo_accion
Generated 103/175: presente_continuo_tiempos_ingleses_dinamica_y_funcionamiento_fisico_accion_movimiento
Generated 104/175: presente_continuo_tiempos_ingleses_propiedades_quimicas_o_materiales_cambio_reaccion
Generated 105/175: presente_continuo_tiempos_ingleses_errores_fallas_y_patologias_comunes_verbo_accion
Generated 106/175: presente_continuo_tiempos_ingleses_historia_origen_y_evolucion_historia_origen
Generated 107/175: presente_continuo_tiempos_ingleses_contexto_y_entorno_ecologico_accion_movimiento
Generated 108/175: presente_continuo_tiempos_ingleses_aplicaciones_practicas_en_la_vida_real_accion_rutina
Generated 109/175: presente_continuo_tiempos_ingleses_importancia_e_impacto_social_accion_comunicacion
Generated 110/175: presente_continuo_tiempos_ingleses_ventajas_y_desventajas_comparativas_presente_continuo
Generated 111/175: presente_continuo_tiempos_ingleses_riesgos_y_medidas_de_seguridad_riesgo_error
Generated 112/175: presente_continuo_tiempos_ingleses_clasificacion_taxonomica_verbo_accion
Generated 113/175: presente_continuo_tiempos_ingleses_calculos_y_formulas_asociadas_verbo_accion
Generated 114/175: presente_continuo_tiempos_ingleses_mitos_y_concepciones_erroneas_verbo_accion
Generated 115/175: presente_continuo_tiempos_ingleses_relacion_simbiotica_con_otros_sistemas_verbo_accion
Generated 116/175: presente_continuo_tiempos_ingleses_transformacion_y_ciclos_energeticos_presente_movimiento
Generated 117/175: presente_continuo_tiempos_ingleses_experimentos_y_demostraciones_escolares_presente_continuo
Generated 118/175: presente_continuo_tiempos_ingleses_consecuencias_a_largo_plazo_accion_duracion
Generated 119/175: presente_continuo_tiempos_ingleses_impacto_ambiental_presente_continuo
Generated 120/175: presente_continuo_tiempos_ingleses_mantenimiento_y_prevencion_accion_rutina
Generated 121/175: presente_continuo_tiempos_ingleses_proyecciones_futuras_y_tecnologia_presente_tecnologia
Generated 122/175: presente_perfecto_tiempos_ingleses_definicion_anatomica_o_estructural_verbo_accion
Generated 123/175: presente_perfecto_tiempos_ingleses_dinamica_y_funcionamiento_fisico_accion_cambio
Generated 124/175: presente_perfecto_tiempos_ingleses_errores_fallas_y_patologias_comunes_verbo_auxiliar
Generated 125/175: presente_perfecto_tiempos_ingleses_historia_origen_y_evolucion_gramatica_origen
Generated 126/175: presente_perfecto_tiempos_ingleses_contexto_y_entorno_ecologico_verbo_accion
Generated 127/175: presente_perfecto_tiempos_ingleses_aplicaciones_practicas_en_la_vida_real_accion_experiencia
Generated 128/175: presente_perfecto_tiempos_ingleses_importancia_e_impacto_social_comunicacion_aprendizaje
Generated 129/175: presente_perfecto_tiempos_ingleses_ventajas_y_desventajas_comparativas_presente_perfecto
Generated 130/175: presente_perfecto_tiempos_ingleses_riesgos_y_medidas_de_seguridad_verbo_accion
Generated 131/175: presente_perfecto_tiempos_ingleses_clasificacion_taxonomica_verbo_accion
Generated 132/175: presente_perfecto_tiempos_ingleses_calculos_y_formulas_asociadas_verbo_auxiliar
Generated 133/175: presente_perfecto_tiempos_ingleses_mitos_y_concepciones_erroneas_presente_perfecto
Generated 134/175: presente_perfecto_tiempos_ingleses_relacion_simbiotica_con_otros_sistemas_verbo_accion
Generated 135/175: presente_perfecto_tiempos_ingleses_experimentos_y_demostraciones_escolares_verbo_accion
Generated 136/175: presente_perfecto_tiempos_ingleses_consecuencias_a_largo_plazo_presente_perfecto
Generated 137/175: presente_perfecto_tiempos_ingleses_mantenimiento_y_prevencion_presente_perfecto
Generated 138/175: presente_perfecto_tiempos_ingleses_proyecciones_futuras_y_tecnologia_presente_tecnologia
Generated 139/175: pasado_continuo_tiempos_ingleses_definicion_anatomica_o_estructural_accion_duracion
Generated 140/175: pasado_continuo_tiempos_ingleses_dinamica_y_funcionamiento_fisico_accion_movimiento
Generated 141/175: pasado_continuo_tiempos_ingleses_errores_fallas_y_patologias_comunes_pasado_accion
Generated 142/175: pasado_continuo_tiempos_ingleses_historia_origen_y_evolucion_historia_origen
Generated 143/175: pasado_continuo_tiempos_ingleses_aplicaciones_practicas_en_la_vida_real_accion_situacion
Generated 144/175: pasado_continuo_tiempos_ingleses_importancia_e_impacto_social_accion_comunicacion
Generated 145/175: pasado_continuo_tiempos_ingleses_ventajas_y_desventajas_comparativas_pasado_accion
Generated 146/175: pasado_continuo_tiempos_ingleses_riesgos_y_medidas_de_seguridad_accion_vigilancia
Generated 147/175: pasado_continuo_tiempos_ingleses_clasificacion_taxonomica_accion_tiempo
Generated 148/175: pasado_continuo_tiempos_ingleses_calculos_y_formulas_asociadas_pasado_accion
Generated 149/175: pasado_continuo_tiempos_ingleses_mitos_y_concepciones_erroneas_pasado_accion
Generated 150/175: pasado_continuo_tiempos_ingleses_relacion_simbiotica_con_otros_sistemas_pasado_accion
Generated 151/175: pasado_continuo_tiempos_ingleses_experimentos_y_demostraciones_escolares_pasado_accion
Generated 152/175: pasado_continuo_tiempos_ingleses_consecuencias_a_largo_plazo_accion_duracion
Generated 153/175: pasado_continuo_tiempos_ingleses_impacto_ambiental_pasado_accion
Generated 154/175: pasado_continuo_tiempos_ingleses_mantenimiento_y_prevencion_pasado_accion
Generated 155/175: pasado_continuo_tiempos_ingleses_proyecciones_futuras_y_tecnologia_pasado_tecnologia
Generated 156/175: pasado_perfecto_tiempos_ingleses_definicion_anatomica_o_estructural_verbo_accion
Generated 157/175: pasado_perfecto_tiempos_ingleses_dinamica_y_funcionamiento_fisico_accion_tiempo
Generated 158/175: pasado_perfecto_tiempos_ingleses_errores_fallas_y_patologias_comunes_pasado_verbo
Generated 159/175: pasado_perfecto_tiempos_ingleses_historia_origen_y_evolucion_pasado_origen
Generated 160/175: pasado_perfecto_tiempos_ingleses_contexto_y_entorno_ecologico_verbo_accion
Generated 161/175: pasado_perfecto_tiempos_ingleses_aplicaciones_practicas_en_la_vida_real_accion_recuerdo
Generated 162/175: pasado_perfecto_tiempos_ingleses_importancia_e_impacto_social_pasado_accion
Generated 163/175: pasado_perfecto_tiempos_ingleses_ventajas_y_desventajas_comparativas_pasado_accion
Generated 164/175: pasado_perfecto_tiempos_ingleses_riesgos_y_medidas_de_seguridad_pasado_accion
Generated 165/175: pasado_perfecto_tiempos_ingleses_clasificacion_taxonomica_verbo_accion
Generated 166/175: pasado_perfecto_tiempos_ingleses_calculos_y_formulas_asociadas_verbo_accion
Generated 167/175: pasado_perfecto_tiempos_ingleses_mitos_y_concepciones_erroneas_pasado_verbo
Generated 168/175: pasado_perfecto_tiempos_ingleses_relacion_simbiotica_con_otros_sistemas_pasado_sistema
Generated 169/175: pasado_perfecto_tiempos_ingleses_experimentos_y_demostraciones_escolares_pasado_accion
Generated 170/175: pasado_perfecto_tiempos_ingleses_consecuencias_a_largo_plazo_accion_resultado
Generated 171/175: pasado_perfecto_tiempos_ingleses_impacto_ambiental_pasado_impacto
Generated 172/175: pasado_perfecto_tiempos_ingleses_proyecciones_futuras_y_tecnologia_pasado_tecnologia
Generated 173/175: futuro_simple_tiempos_ingleses_definicion_anatomica_o_estructural_futuro_accion
Generated 174/175: futuro_simple_tiempos_ingleses_dinamica_y_funcionamiento_fisico_futuro_accion
Generated 175/175: futuro_simple_tiempos_ingleses_errores_fallas_y_patologias_comunes_futuro_error
Completed! Generated 175 concepts.
