Starting generation. Existing concepts: 0
SUCCESS: estructura_extremidad_superior (1 total)
SUCCESS: dinamica_extremidades_superiores (2 total)
SUCCESS: anatomia_brazo_materiales (3 total)
SUCCESS: anatomia_brazo_errores (4 total)
SUCCESS: historia_origen_brazos (5 total)
SUCCESS: contexto_ecologico_extremidades_superiores (6 total)
SUCCESS: anatomia_brazo_aplicaciones_practicas (7 total)
SUCCESS: impact_social_brazos (8 total)
SUCCESS: comparacion_extremidades_superiores (9 total)
SUCCESS: riesgos_seguridad_brazos (10 total)
SUCCESS: calculos_brazo_anatomia (11 total)
SUCCESS: mitos_extremidades_superiores (12 total)
SUCCESS: simbiotica_extremidades_superiores (13 total)
SUCCESS: transformacion_energetica_brazo (14 total)
SUCCESS: experimentos_brazo_escolar (15 total)
SUCCESS: consecuencias_largo_plazo_brazos (16 total)
OMITTED: extremidades superiores o brazos - Impacto ambiental
SUCCESS: mantenimiento_prevencion_brazos (17 total)
SUCCESS: tecnologia_extremidades_superiores (18 total)
SUCCESS: anatomia_extremidades_inferiores (19 total)
SUCCESS: anatomia_pierna_dinamica (20 total)
SUCCESS: anatomia_extremidades_inferiores_propiedades_quimicas (21 total)
SUCCESS: historia_extremidades_inferiores (22 total)
SUCCESS: anatomia_extremidades_inferiores_ecologia (23 total)
SUCCESS: aplicaciones_extremidades_inferiores (24 total)
SUCCESS: importancia_piernas_sociedad (25 total)
SUCCESS: anatomia_extremidades_inferiores_comparativa (26 total)
SUCCESS: anatomia_pierna_seguridad (27 total)
OMITTED: extremidades inferiores o piernas - Clasificación taxonómica
SUCCESS: anatomia_pierna_calculos (28 total)
SUCCESS: mitos_extremidades_inferiores (29 total)
SUCCESS: anatomia_pierna_simbiosis (30 total)
SUCCESS: anatomia_pierna_transformacion (31 total)
SUCCESS: anatomia_pierna_experimentos (32 total)
SUCCESS: anatomia_pierna_consecuencias (33 total)
SUCCESS: anatomia_pierna_impacto_ambiental (34 total)
SUCCESS: mantenimiento_prevencion_piernas (35 total)
SUCCESS: piernas_tecnologia_futura (36 total)
SUCCESS: anatomia_extremidad_distal_manos (37 total)
SUCCESS: dinamica_extremidad_distal_manos (38 total)
SUCCESS: extremidad_distal_manos_patologias (39 total)
SUCCESS: historia_extremidad_distal_manos (40 total)
SUCCESS: entorno_ecologico_mano_distal (41 total)
SUCCESS: extremidad_distal_manos_aplicaciones (42 total)
SUCCESS: anatomia_extremidad_distal_manos_importancia_social (43 total)
SUCCESS: extremidad_distal_manos_comparativa (44 total)
SUCCESS: seguridad_extremidad_distal_manos (45 total)
SUCCESS: clasificacion_extremidad_distal_mano (46 total)
SUCCESS: manos_distal_mitos (47 total)
SUCCESS: extremidad_distal_manual_relacion_simbiontica_otros_sistemas (48 total)
SUCCESS: anatomia_extremidad_distal_transformacion (49 total)
SUCCESS: experimentos_mano_distal (50 total)
SUCCESS: extremidad_distal_manos_consecuencias (51 total)
OMITTED: extremidad distal de manos - Impacto ambiental
SUCCESS: cuidado_extremidad_distal_manos (52 total)
SUCCESS: extremidad_distal_manos_tecnologia (53 total)
SUCCESS: anatomia_extremidad_distal_pies (54 total)
SUCCESS: anatomia_pie_dinamica (55 total)
SUCCESS: anatomia_pie_distal_propiedades (56 total)
SUCCESS: historia_extremidad_distal_pies (57 total)
SUCCESS: extremidad_distal_pies_ecologia (58 total)
SUCCESS: extremidad_distal_pies_aplicaciones (59 total)
SUCCESS: anatomia_extremidad_distal_pies_importancia_social (60 total)
SUCCESS: extremidad_distal_pies_comparativa (61 total)
SUCCESS: seguridad_extremidad_pies (62 total)
SUCCESS: anatomia_extremidad_distal_pies_taxonomia (63 total)
SUCCESS: anatomia_pies_mitos (64 total)
SUCCESS: anatomia_pies_transformacion_ciclos_energia (65 total)
SUCCESS: anatomia_distal_pies_experimentos (66 total)
SUCCESS: extremidad_distal_pies_consecuencias (67 total)
OMITTED: extremidad distal de pies - Impacto ambiental
SUCCESS: anatomia_pie_extremidad_distal_mantenimiento_preventivo (68 total)
SUCCESS: extremidad_distal_pies_tecnologia_futura (69 total)
SUCCESS: estructura_hueso_femur (70 total)
SUCCESS: anatomia_femur_dinamica (71 total)
SUCCESS: anatomia_femur_materiales (72 total)
SUCCESS: anatomia_femur_patologias (73 total)
SUCCESS: anatomia_femur_historia (74 total)
SUCCESS: anatomia_femur_ecologico (75 total)
SUCCESS: anatomia_femur_aplicaciones (76 total)
SUCCESS: anatomia_femur_comparativa (77 total)
SUCCESS: anatomia_femur_riesgos (78 total)
SUCCESS: anatomia_hueso_femur (79 total)
SUCCESS: anatomia_femur_mitos (80 total)
SUCCESS: anatomia_femur_simbiosis (81 total)
OMITTED: hueso principal del fémur - Transformación y ciclos energéticos
SUCCESS: anatomia_femur_experimentos (82 total)
SUCCESS: hueso_femur_consecuencias (83 total)
OMITTED: hueso principal del fémur - Impacto ambiental
SUCCESS: mantenimiento_hueso_femur (84 total)
SUCCESS: femur_proyecciones_tecnologia (85 total)
SUCCESS: definicion_hueso_braquial (86 total)
SUCCESS: dinamica_hueso_humero (87 total)
SUCCESS: anatomia_hueso_braquial_propiedades (88 total)
SUCCESS: patologias_hueso_humero (89 total)
SUCCESS: hueso_braquial_historia_evolucion (90 total)
OMITTED: hueso braquial del húmero - Contexto y entorno ecológico
SUCCESS: aplicaciones_hueso_humero (91 total)
SUCCESS: hueso_braquial_impacto_social (92 total)
SUCCESS: comparacion_humero_anatomico (93 total)
SUCCESS: anatomia_riesgos_seguridad_hueso_braquial (94 total)
OMITTED: hueso braquial del húmero - Clasificación taxonómica
SUCCESS: calculos_hueso_humero (95 total)
SUCCESS: anatomia_hueso_braquial_mitos (96 total)
SUCCESS: hueso_humero_interaccion_sistemas (97 total)
OMITTED: hueso braquial del húmero - Transformación y ciclos energéticos
SUCCESS: hueso_braquial_experimentos (98 total)
SUCCESS: hueso_braquial_consecuencias_larga (99 total)
OMITTED: hueso braquial del húmero - Impacto ambiental
SUCCESS: cuidado_humero_braquial (100 total)
SUCCESS: proyecciones_tecnologia_humero (101 total)
SUCCESS: articulaciones_uniones_mobilas_definicion_anatomica (102 total)
SUCCESS: uniones_moviles_articulaciones_dinamica (103 total)
SUCCESS: uniones_mobiles_articulaciones (104 total)
SUCCESS: articulaciones_uniones_moviles_patologias (105 total)
SUCCESS: historia_uniones_moviles_articulaciones (106 total)
SUCCESS: articulaciones_uniones_moviles_ecologia (107 total)
SUCCESS: articulaciones_moviles_aplicaciones (108 total)
SUCCESS: articulaciones_uniones_moviles_importancia (109 total)
SUCCESS: uniones_moviles_articulaciones_comparativa (110 total)
SUCCESS: anatomia_union_movil_riesgos (111 total)
SUCCESS: uniones_moviles_articulaciones (112 total)
SUCCESS: anatomia_uniones_mobilidades_calculos (113 total)
SUCCESS: mitos_uniones_moviles (114 total)
SUCCESS: uniones_mobilas_articulaciones_relacion_simbiosica (115 total)
SUCCESS: articulaciones_moviles_transformacion (116 total)
SUCCESS: anatomia_uniones_movilidades_experimentos (117 total)
SUCCESS: articulaciones_uniones_moviles_consecuencias (118 total)
OMITTED: uniones móviles de articulaciones - Impacto ambiental
SUCCESS: articulaciones_moviles_mantenimiento (119 total)
SUCCESS: articulaciones_moviles_tecnologia_futura (120 total)
SUCCESS: estructura_hueso_radio (121 total)
SUCCESS: anatomia_radio_dinamica (122 total)
SUCCESS: propiedades_materiales_radio (123 total)
SUCCESS: patologias_radio_brazo (124 total)
SUCCESS: historia_hueso_radio (125 total)
OMITTED: hueso radio del brazo - Contexto y entorno ecológico
SUCCESS: anat_radio_aplicaciones_vida_real (126 total)
SUCCESS: importancia_radio_brazo (127 total)
SUCCESS: comparacion_hueso_radio (128 total)
SUCCESS: riesgos_radio_brazo (129 total)
OMITTED: hueso radio del brazo - Clasificación taxonómica
SUCCESS: calculos_radio_brazo (130 total)
SUCCESS: anatomia_radio_mitos (131 total)
SUCCESS: relacion_simbiotica_radio_brazo (132 total)
SUCCESS: transformacion_energetica_radio (133 total)
SUCCESS: anatomia_radio_experimentos (134 total)
SUCCESS: consecuencias_largo_plazo_radio (135 total)
OMITTED: hueso radio del brazo - Impacto ambiental
SUCCESS: hueso_radio_mantenimiento_preventivo (136 total)
SUCCESS: anatomia_radio_tecnologia (137 total)
SUCCESS: estructura_hueso_cubito (138 total)
SUCCESS: dinamica_hueso_cubito (139 total)
SUCCESS: materiales_hueso_cubito (140 total)
SUCCESS: patologias_cubito_brazo (141 total)
SUCCESS: historia_origen_evolucion_cubito (142 total)
OMITTED: hueso cúbito del brazo - Contexto y entorno ecológico
SUCCESS: aplicaciones_cubito_brazo (143 total)
SUCCESS: anatomia_hueso_cubito_importancia (144 total)
SUCCESS: comparacion_hueso_cubito (145 total)
SUCCESS: seguridad_hueso_cubito (146 total)
OMITTED: hueso cúbito del brazo - Clasificación taxonómica
OMITTED: hueso cúbito del brazo - Cálculos y fórmulas asociadas
SUCCESS: anatomia_hueso_cubito_mitos (147 total)
SUCCESS: anatomia_cubito_interaccion (148 total)
OMITTED: hueso cúbito del brazo - Transformación y ciclos energéticos
SUCCESS: anatomia_cubito_experimentos (149 total)
SUCCESS: consecuencias_largo_plazo_cubito (150 total)
OMITTED: hueso cúbito del brazo - Impacto ambiental
SUCCESS: mantenimiento_hueso_cubito (151 total)
SUCCESS: anatomia_cubito_tecnologia_futura (152 total)
SUCCESS: anatomia_huesos_carpianos (153 total)
SUCCESS: carpianos_mano_dinamica (154 total)
SUCCESS: carpianos_propiedades_materiales (155 total)
SUCCESS: anatomia_huesos_carpianos_patologias (156 total)
SUCCESS: historia_carpianos_mano (157 total)
OMITTED: huesos carpianos de manos - Contexto y entorno ecológico
SUCCESS: huesos_carpianos_aplicaciones_practicas (158 total)
SUCCESS: anatomia_huesos_carpianos_impacto_social (159 total)
SUCCESS: carpianos_mano_comparativa (160 total)
SUCCESS: riesgos_carpianos_manos (161 total)
OMITTED: huesos carpianos de manos - Clasificación taxonómica
OMITTED: huesos carpianos de manos - Cálculos y fórmulas asociadas
SUCCESS: mitos_carpianos_mano (162 total)
SUCCESS: carpianos_relacion_sistemica (163 total)
OMITTED: huesos carpianos de manos - Transformación y ciclos energéticos
SUCCESS: huesos_carpianos_experimentos (164 total)
SUCCESS: consecuencias_huesos_carpianos_manos (165 total)
OMITTED: huesos carpianos de manos - Impacto ambiental
SUCCESS: mantenimiento_prevencion_carpianos (166 total)
SUCCESS: carpianos_tecnologia_futura (167 total)
SUCCESS: anatomia_metacarpianos_mano (168 total)
SUCCESS: anatomia_metacarpianos_dinamica_fisica (169 total)
SUCCESS: metacarpianos_materiales (170 total)
SUCCESS: metacarpianos_patologias_mano (171 total)
SUCCESS: historia_origen_metacarpianos (172 total)
SUCCESS: contexto_ecologico_metacarpianos (173 total)
SUCCESS: metacarpianos_aplicaciones_vida_real (174 total)
SUCCESS: metacarpianos_importancia_social (175 total)
SUCCESS: metacarpianos_ventajas_desventajas (176 total)
SUCCESS: metacarpianos_riesgos_mecanica (177 total)
SUCCESS: clasificacion_metacarpianos_mano (178 total)
SUCCESS: metacarpianos_mitos_concepciones (179 total)
SUCCESS: anatomia_metacarpianos_relacion (180 total)
SUCCESS: metacarpianos_transformacion_energetica (181 total)
SUCCESS: metacarpianos_experimentacion (182 total)
SUCCESS: metacarpianos_consecuencias_largo_plazo (183 total)
OMITTED: metacarpianos óseos de manos - Impacto ambiental
SUCCESS: metacarpianos_mantenimiento_prevenir (184 total)
SUCCESS: metacarpianos_tecnologia_futura (185 total)
SUCCESS: anatomia_falanges_manuales (186 total)
SUCCESS: anatomia_falanges_dinamica (187 total)
SUCCESS: falanges_manos_materiales (188 total)
SUCCESS: anatomia_falanges_digitales_patologicas (189 total)
SUCCESS: falanges_manos_historia (190 total)
SUCCESS: falanges_manos_contexto_ecologico (191 total)
SUCCESS: falanges_digitales_aplicaciones (192 total)
SUCCESS: falanges_manos_importancia_social (193 total)
SUCCESS: falanges_manos_comparativa (194 total)
SUCCESS: falanges_digitales_riesgos_seguridad (195 total)
SUCCESS: falanges_manos_clasificacion (196 total)
SUCCESS: anatomia_falanges_digitales (197 total)
SUCCESS: falanges_digitales_mitos (198 total)
SUCCESS: falanges_manos_simbiosis_sistemas (199 total)
OMITTED: falanges digitales de manos - Transformación y ciclos energéticos
SUCCESS: falanges_digitales_demo (200 total)
OMITTED: falanges digitales de manos - Consecuencias a largo plazo
OMITTED: falanges digitales de manos - Impacto ambiental
SUCCESS: falanges_digitales_mantenimiento_preventivo (201 total)
SUCCESS: falanges_digitales_futuro_tecnologia (202 total)
SUCCESS: anatomia_tibia_definicion (203 total)
SUCCESS: anatomia_tibia_dinamica (204 total)
SUCCESS: anatomia_tibia_propiedades_quimicas (205 total)
SUCCESS: anatomia_tibia_patologias (206 total)
SUCCESS: anatomia_tibia_historia_evolucion (207 total)
SUCCESS: anatomia_tibia_contexto (208 total)
SUCCESS: anatomia_tibia_aplicaciones (209 total)
SUCCESS: importancia_tibia_social (210 total)
SUCCESS: anatomia_tibia_comparativa (211 total)
SUCCESS: anatomia_tibia_riesgos (212 total)
SUCCESS: anatomia_tibia_clasificacion_taxonomica (213 total)
SUCCESS: anatomia_tibia_calculos (214 total)
SUCCESS: anatomia_tibia_mitos (215 total)
SUCCESS: anatomia_tibia_simbiosis (216 total)
SUCCESS: anatomia_tibia_transformacion (217 total)
SUCCESS: tibia_experimentos_demostraciones (218 total)
SUCCESS: anatomia_tibia_consecuencias (219 total)
OMITTED: hueso tibia de pierna - Impacto ambiental
SUCCESS: mantenimiento_preventivo_tibia (220 total)
SUCCESS: tibia_proyecciones_tecnologia (221 total)
SUCCESS: anatomia_perone_estructural (222 total)
SUCCESS: anatomia_perone_dinamica (223 total)
SUCCESS: anatomia_perone_materiales (224 total)
SUCCESS: anatomia_perone_fallas (225 total)
SUCCESS: anatomia_hueso_perone_historia_evolucion (226 total)
OMITTED: hueso peroné de pierna - Contexto y entorno ecológico
SUCCESS: anatomia_perone_aplicaciones (227 total)
SUCCESS: importancia_perone_social (228 total)
SUCCESS: anatomia_perone_comparativa (229 total)
SUCCESS: anatomia_perone_riesgos (230 total)
SUCCESS: clasificacion_taxonomica_perone (231 total)
SUCCESS: anatomia_perone_calculos (232 total)
SUCCESS: mitos_perone_pierna (233 total)
SUCCESS: anatomia_perone_interaccion_sistemas (234 total)
SUCCESS: anatomia_perone_transformacion_ciclos_energeticos (235 total)
SUCCESS: anatomia_perone_experimentos (236 total)
OMITTED: hueso peroné de pierna - Impacto ambiental
OMITTED: hueso peroné de pierna - Mantenimiento y prevención
SUCCESS: anatomia_perone_tecnologia_futura (237 total)
SUCCESS: hueso_rotula_definicion (238 total)
SUCCESS: anatomia_rotula_dinamica (239 total)
SUCCESS: anatomia_rotula_materiales (240 total)
SUCCESS: rotula_pierna_patologias (241 total)
SUCCESS: anatomia_rotula_rodilla_estado_ecologico (242 total)
SUCCESS: anatomia_rotula_aplicaciones (243 total)
SUCCESS: hueso_rotula_importancia_social (244 total)
SUCCESS: anatomia_rotula_comparativa (245 total)
SUCCESS: seguridad_rotula_pierna (246 total)
OMITTED: hueso rótula de pierna - Clasificación taxonómica
SUCCESS: anatomia_rotula_calculos (247 total)
SUCCESS: anatomia_rotula_mitos (248 total)
SUCCESS: rotula_relacion_sistemas (249 total)
OMITTED: hueso rótula de pierna - Transformación y ciclos energéticos
SUCCESS: hueso_rotula_experimentos (250 total)
OMITTED: hueso rótula de pierna - Impacto ambiental
SUCCESS: anatomia_rotula_mantenimiento (251 total)
SUCCESS: anatomia_rotula_tecnologia_futuro (252 total)
SUCCESS: huesos_tarsianos_definicion (253 total)
SUCCESS: dinamica_huesos_tarsianos (254 total)
