[1/175] Añadido mapa_identificar_concepto_confundir
[2/175] Añadido estructura_organizar_concepto_representar
[3/175] Añadido estructura_organizar_informacion_representar
[4/175] Añadido lectura_trazar_mapa_representar
[5/175] Añadido lectura_analizar_estructura_transformar
[6/175] Añadido mapa_comparar_lectura_evaluar
[7/175] Añadido contexto_analizar_entorno_organizar
[8/175] Añadido lectura_mapa_comunidad_fortalecer
[9/175] Añadido mapa_analizar_lectura_organizar
[10/175] Añadido mapa_analizar_lectura_proteger
[11/175] Añadido clasificacion_organizar_concepto_representar
[12/175] Añadido lectura_calcular_estructura_organizar
[13/175] Añadido lectura_integrar_sistema_conectar
[14/175] Añadido lectura_analizar_mapa_interpretar
[15/175] Añadido energia_transformar_lectura_analizar
[16/175] Añadido lectura_experimentar_mapa_analizar
[17/175] Añadido lectura_organizar_concepto_fortalecer
[18/175] Añadido estructura_organizar_contenido_representar
[19/175] Añadido ecosistema_analizar_lectura_reducir
[20/175] Añadido tecnologia_proyectar_lectura_integrar
[21/175] Añadido mapa_analizar_lectura_organizar
[22/175] Añadido estructura_organizar_contenido_representar
[23/175] Añadido estructura_analizar_contenido_organizar
[24/175] Añadido estudiante_analizar_texto_organizar
[25/175] Añadido origen_trazar_estructura_evolucionar
[26/175] Añadido contexto_analizar_entorno_organizar
[27/175] Añadido texto_analizar_idea_organizar
[28/175] Añadido estructura_comparar_contenido_organizar
[29/175] Añadido seguridad_analizar_riesgo_organizar
[30/175] Añadido estructura_organizar_categoria_agrupar
[31/175] Añadido sintesis_organizar_contenido_representar
[32/175] Añadido experimento_analizar_texto_organizar
[33/175] Añadido mito_confundir_texto_simplificar
[34/175] Añadido sistema_integrar_texto_organizar
[35/175] Añadido sintesis_organizar_contenido_evaluar
[36/175] Añadido estructura_calcular_relacion_organizar
[37/175] Añadido ecosistema_analizar_impacto_evaluar
[38/175] Añadido contexto_analizar_lexico_interpretar
[39/175] Añadido sistema_organizar_contenido_evaluar
[40/175] Añadido sintesis_organizar_tecnologia_proyectar
[41/175] Añadido contexto_analizar_texto_inferir
[42/175] Añadido vocabulario_confundir_contexto_interpretar
[43/175] Añadido material_analizar_contexto_identificar
[44/175] Añadido contexto_evolucionar_vocabulario_analizar
[45/175] Añadido contexto_analizar_ecosistema_interpretar
[46/175] Añadido contexto_leer_situacion_analizar
[47/175] Añadido contexto_analizar_riesgo_evaluar
[48/175] Añadido contexto_comparar_lector_evaluar
[49/175] Añadido contexto_clasificar_vocabulario_analizar
[50/175] Añadido contexto_analizar_lectura_fortalecer
[51/175] Añadido contexto_calcular_vocabulario_estimar
[52/175] Añadido mito_confundir_contexto_interpretar
[53/175] Añadido energia_transformar_materia_ciclar
[54/175] Añadido contexto_analizar_vocabulario_experimentar
[55/175] Añadido contexto_analizar_vocabulario_anticipar
[56/175] Añadido ecosistema_evaluar_contaminante_alterar
[57/175] Añadido contexto_analizar_lexico_mantener
[58/175] Añadido vocabulario_integrar_contexto_conectar
[59/175] Añadido contexto_analizar_vocabulario_proyectar
[60/175] Añadido lexico_interpretar_significado_procesar
[61/175] Añadido confusion_interpretar_termino_distorsionar
[62/175] Añadido material_reaccion_compuesto_transformar
[63/175] Añadido contexto_analizar_entorno_interpretar
[64/175] Añadido significado_comparar_contexto_evaluar
[65/175] Añadido significado_clasificar_palabra_analizar
[66/175] Añadido significado_leer_origen_evolucion
[67/175] Añadido contexto_interpretar_situacion_aplicar
[68/175] Añadido significado_procesar_contexto_integrar
[69/175] Añadido lexico_calcular_contexto_inferir
[70/175] Añadido energia_transformar_materia_cambiar
[71/175] Añadido significado_analizar_lectura_comprender
[72/175] Añadido significado_interpretar_contexto_confundir
[73/175] Añadido experimento_analizar_significado_demostrar
[74/175] Añadido ecosistema_interpretar_impacto_analizar
[75/175] Añadido significado_analizar_contexto_inferir
[76/175] Añadido significado_leer_riesgo_evaluar
[77/175] Añadido tecnologia_procesar_significado_anticipar
[78/175] Añadido ritmo_coordinar_ojo_procesar
[79/175] Añadido lectura_forzar_ritmo_bloquear
[80/175] Añadido texto_procesar_estructura_analizar
[81/175] Añadido significado_interpretar_contexto_comprender
[82/175] Añadido lectura_adaptar_entorno_optimizar
[83/175] Añadido lectura_originar_metodo_evolucionar
[84/175] Añadido lectura_comparar_ritmo_evaluar
[85/175] Añadido lectura_analizar_texto_aplicar
[86/175] Añadido clasificacion_organizar_patron_identificar
[87/175] Añadido lectura_fortalecer_comunidad_impulsar
[88/175] Añadido lectura_evaluar_riesgo_proteger
[89/175] Añadido velocidad_calcular_lectura_medir
[90/175] Añadido lectura_integrar_sistema_optimizar
[91/175] Añadido lectura_analizar_mito_corregir
[92/175] Añadido lectura_medir_ritmo_comparar
[93/175] Añadido ritmo_controlar_atencion_optimizar
[94/175] Añadido lectura_reducir_papel_optimizar
[95/175] Añadido memoria_procesar_texto_consolidar
[96/175] Añadido memoria_fallar_lectura_distorsionar
[97/175] Añadido memoria_procesar_lectura_consolidar
[98/175] Añadido entorno_modular_estudiante_regular
[99/175] Añadido memoria_practicar_lectura_consolidar
[100/175] Añadido retencion_fortalecer_lectura_impactar
[101/175] Añadido memoria_procesar_lectura_retener
[102/175] Añadido tecnologia_optimizar_lectura_analizar
[103/175] Añadido riesgo_interferir_memoria_proteger
[104/175] Añadido lectura_comparar_memoria_evaluar
[105/175] Añadido mito_confundir_memoria_bloquear
[106/175] Añadido memoria_calcular_texto_procesar
[107/175] Añadido memoria_integrar_sistema_fortalecer
[108/175] Añadido lectura_fortalecer_memoria_anticipar
[109/175] Añadido memoria_procesar_energia_integrar
[110/175] Añadido memoria_consolidar_lectura_fortalecer
[111/175] Añadido memoria_experimentar_contenido_analizar
[112/175] Añadido ambiente_procesar_lectura_optimizar
[113/175] Añadido texto_analizar_estructura_interpretar
[114/175] Añadido tecnologia_potenciar_memoria_optimizar
[115/175] Añadido memoria_consolidar_lectura_reforzar
[116/175] Añadido texto_analizar_estructura_inferir
[117/175] Añadido texto_interpretar_patron_confundir
[118/175] Añadido texto_analizar_estructura_identificar
[119/175] Añadido historia_evolucionar_texto_analizar
[120/175] Añadido contexto_analizar_entorno_interpretar
[121/175] Añadido analisis_comprender_contexto_evaluar
[122/175] Añadido texto_analizar_riesgo_evaluar
[123/175] Añadido interpretacion_analizar_texto_evaluar
[124/175] Añadido texto_analizar_estructura_comparar
[125/175] Añadido texto_calcular_patron_inferir
[126/175] Añadido texto_analizar_estructura_clasificar
[127/175] Añadido texto_interpretar_mito_confundir
[128/175] Añadido texto_analizar_sistema_interactuar
[129/175] Añadido energia_transformar_texto_analizar
[130/175] Añadido texto_analizar_experimento_observar
[131/175] Añadido ecosistema_analizar_contaminante_evaluar
[132/175] Añadido tecnologia_analizar_texto_proyectar
[133/175] Añadido lectura_analizar_texto_inferir
[134/175] Añadido texto_inferir_estructura_analizar
[135/175] Añadido texto_analizar_estructura_evaluar
[136/175] Añadido lectura_inferir_material_analizar
[137/175] Añadido texto_inferir_cuerpo_procesar
[138/175] Añadido inferencia_detectar_sesgo_confundir
[139/175] Añadido contexto_inferir_entorno_analizar
[140/175] Añadido lectura_analizar_texto_inferir
[141/175] Añadido texto_inferir_contexto_comparar
[142/175] Añadido lectura_inferir_contexto_impactar
[143/175] Añadido riesgo_evaluar_texto_inferir
[144/175] Añadido inferencia_analizar_patron_clasificar
[145/175] Añadido texto_inferir_sistema_conectar
[146/175] Añadido energia_transformar_ciclo_analizar
[147/175] Añadido mito_confundir_lectura_interpretar
[148/175] Añadido lectura_inferir_experimento_observar
[149/175] Añadido ecosistema_analizar_contaminante_evaluar
[150/175] Añadido lectura_inferir_texto_anticipar
[151/175] Añadido lectura_inferir_texto_analizar
[152/175] Añadido proyeccion_analizar_tecnologia_anticipar
[153/175] Añadido conclusion_inferir_lectura_analizar
[154/175] Añadido lectura_analizar_reactividad_inferir
[155/175] Añadido lectura_inferir_patron_detectar
[156/175] Añadido lectura_analizar_cuerpo_interpretar
[157/175] Añadido lectura_analizar_texto_inferir
[158/175] Añadido lectura_analizar_entorno_inferir
[159/175] Añadido conclusion_comparar_texto_evaluar
[160/175] Añadido lectura_analizar_informacion_inferir
[161/175] Añadido lectura_analizar_impacto_evaluar
[162/175] Añadido riesgo_evaluar_lectura_identificar
[163/175] Añadido conclusion_analizar_texto_inferir
[164/175] Añadido lectura_inferir_sistema_integrar
[165/175] Añadido energia_transformar_ciclo_procesar
[166/175] Añadido lectura_inferir_mito_corregir
[167/175] Añadido observacion_analizar_experimento_inferir
[168/175] Añadido lectura_inferir_conclusion_evaluar
[169/175] Añadido ecosistema_analizar_contaminante_evaluar
[170/175] Añadido lectura_analizar_conclusion_evaluar
[171/175] Añadido lectura_calcular_patron_inferir
[172/175] Añadido proyeccion_analizar_tecnologia_anticipar
[173/175] Añadido perspectiva_analizar_texto_interpretar
[174/175] Añadido percepcion_procesar_informacion_interpretar
[175/175] Añadido lectura_interpretar_texto_confundir
