Generado concepto 1: Ideas principales de lectura - Definición anatómica o estructural
Generado concepto 2: Ideas principales de lectura - Dinámica y funcionamiento físico
Generado concepto 3: Ideas principales de lectura - Errores, fallas y patologías comunes
Generado concepto 4: Ideas principales de lectura - Propiedades químicas o materiales
Generado concepto 5: Ideas principales de lectura - Historia, origen y evolución
Generado concepto 6: Ideas principales de lectura - Contexto y entorno ecológico
Generado concepto 7: Ideas principales de lectura - Aplicaciones prácticas en la vida real
Generado concepto 8: Ideas principales de lectura - Importancia e impacto social
Generado concepto 9: Ideas principales de lectura - Ventajas y desventajas comparativas
Generado concepto 10: Ideas principales de lectura - Riesgos y medidas de seguridad
Generado concepto 11: Ideas principales de lectura - Cálculos y fórmulas asociadas
Generado concepto 12: Ideas principales de lectura - Clasificación taxonómica
Generado concepto 13: Ideas principales de lectura - Mitos y concepciones erróneas
Generado concepto 14: Ideas principales de lectura - Relación simbiótica con otros sistemas
Generado concepto 15: Ideas principales de lectura - Transformación y ciclos energéticos
Generado concepto 16: Ideas principales de lectura - Experimentos y demostraciones escolares
Generado concepto 17: Ideas principales de lectura - Impacto ambiental
Generado concepto 18: Ideas principales de lectura - Consecuencias a largo plazo
Generado concepto 19: Ideas principales de lectura - Proyecciones futuras y tecnología
Generado concepto 20: Ideas principales de lectura - Mantenimiento y prevención
Generado concepto 21: Inferencias de comprensión lectora - Definición anatómica o estructural
Generado concepto 22: Inferencias de comprensión lectora - Dinámica y funcionamiento físico
Generado concepto 23: Inferencias de comprensión lectora - Propiedades químicas o materiales
Generado concepto 24: Inferencias de comprensión lectora - Errores, fallas y patologías comunes
Generado concepto 25: Inferencias de comprensión lectora - Historia, origen y evolución
Generado concepto 26: Inferencias de comprensión lectora - Contexto y entorno ecológico
Generado concepto 27: Inferencias de comprensión lectora - Aplicaciones prácticas en la vida real
Generado concepto 28: Inferencias de comprensión lectora - Importancia e impacto social
Generado concepto 29: Inferencias de comprensión lectora - Ventajas y desventajas comparativas
Generado concepto 30: Inferencias de comprensión lectora - Clasificación taxonómica
Generado concepto 31: Inferencias de comprensión lectora - Riesgos y medidas de seguridad
Generado concepto 32: Inferencias de comprensión lectora - Cálculos y fórmulas asociadas
Generado concepto 33: Inferencias de comprensión lectora - Mitos y concepciones erróneas
Generado concepto 34: Inferencias de comprensión lectora - Relación simbiótica con otros sistemas
Generado concepto 35: Inferencias de comprensión lectora - Transformación y ciclos energéticos
Generado concepto 36: Inferencias de comprensión lectora - Experimentos y demostraciones escolares
Generado concepto 37: Inferencias de comprensión lectora - Impacto ambiental
Generado concepto 38: Inferencias de comprensión lectora - Consecuencias a largo plazo
Generado concepto 39: Inferencias de comprensión lectora - Mantenimiento y prevención
Generado concepto 40: Inferencias de comprensión lectora - Proyecciones futuras y tecnología
Generado concepto 41: Resumen de textos leídos - Dinámica y funcionamiento físico
Generado concepto 42: Resumen de textos leídos - Propiedades químicas o materiales
Generado concepto 43: Resumen de textos leídos - Definición anatómica o estructural
Generado concepto 44: Resumen de textos leídos - Errores, fallas y patologías comunes
Generado concepto 45: Resumen de textos leídos - Historia, origen y evolución
Generado concepto 46: Resumen de textos leídos - Contexto y entorno ecológico
Generado concepto 47: Resumen de textos leídos - Aplicaciones prácticas en la vida real
Generado concepto 48: Resumen de textos leídos - Importancia e impacto social
Generado concepto 49: Resumen de textos leídos - Ventajas y desventajas comparativas
Generado concepto 50: Resumen de textos leídos - Clasificación taxonómica
Generado concepto 51: Resumen de textos leídos - Riesgos y medidas de seguridad
Generado concepto 52: Resumen de textos leídos - Mitos y concepciones erróneas
Generado concepto 53: Resumen de textos leídos - Cálculos y fórmulas asociadas
Generado concepto 54: Resumen de textos leídos - Transformación y ciclos energéticos
Generado concepto 55: Resumen de textos leídos - Relación simbiótica con otros sistemas
Generado concepto 56: Resumen de textos leídos - Consecuencias a largo plazo
Generado concepto 57: Resumen de textos leídos - Impacto ambiental
Generado concepto 58: Resumen de textos leídos - Mantenimiento y prevención
Generado concepto 59: Resumen de textos leídos - Proyecciones futuras y tecnología
Generado concepto 60: Análisis de comprensión lectora - Definición anatómica o estructural
Generado concepto 61: Resumen de textos leídos - Experimentos y demostraciones escolares
Generado concepto 62: Análisis de comprensión lectora - Dinámica y funcionamiento físico
Generado concepto 63: Análisis de comprensión lectora - Propiedades químicas o materiales
Generado concepto 64: Análisis de comprensión lectora - Errores, fallas y patologías comunes
Generado concepto 65: Análisis de comprensión lectora - Historia, origen y evolución
Generado concepto 66: Análisis de comprensión lectora - Contexto y entorno ecológico
Generado concepto 67: Análisis de comprensión lectora - Aplicaciones prácticas en la vida real
Generado concepto 68: Análisis de comprensión lectora - Ventajas y desventajas comparativas
Generado concepto 69: Análisis de comprensión lectora - Riesgos y medidas de seguridad
Generado concepto 70: Análisis de comprensión lectora - Importancia e impacto social
Generado concepto 71: Análisis de comprensión lectora - Clasificación taxonómica
Generado concepto 72: Análisis de comprensión lectora - Mitos y concepciones erróneas
Generado concepto 73: Análisis de comprensión lectora - Cálculos y fórmulas asociadas
Generado concepto 74: Análisis de comprensión lectora - Relación simbiótica con otros sistemas
Generado concepto 75: Análisis de comprensión lectora - Transformación y ciclos energéticos
Generado concepto 76: Análisis de comprensión lectora - Consecuencias a largo plazo
Generado concepto 77: Análisis de comprensión lectora - Experimentos y demostraciones escolares
Generado concepto 78: Análisis de comprensión lectora - Impacto ambiental
Generado concepto 79: Análisis de comprensión lectora - Mantenimiento y prevención
Generado concepto 80: Análisis de comprensión lectora - Proyecciones futuras y tecnología
Generado concepto 81: Lectura crítica de textos - Definición anatómica o estructural
Generado concepto 82: Lectura crítica de textos - Propiedades químicas o materiales
Generado concepto 83: Lectura crítica de textos - Dinámica y funcionamiento físico
Generado concepto 84: Lectura crítica de textos - Errores, fallas y patologías comunes
Generado concepto 85: Lectura crítica de textos - Contexto y entorno ecológico
Generado concepto 86: Lectura crítica de textos - Historia, origen y evolución
Generado concepto 87: Lectura crítica de textos - Aplicaciones prácticas en la vida real
Generado concepto 88: Lectura crítica de textos - Importancia e impacto social
Generado concepto 89: Lectura crítica de textos - Riesgos y medidas de seguridad
Generado concepto 90: Lectura crítica de textos - Ventajas y desventajas comparativas
Generado concepto 91: Lectura crítica de textos - Cálculos y fórmulas asociadas
Generado concepto 92: Lectura crítica de textos - Clasificación taxonómica
Generado concepto 93: Lectura crítica de textos - Mitos y concepciones erróneas
Generado concepto 94: Lectura crítica de textos - Relación simbiótica con otros sistemas
Generado concepto 95: Lectura crítica de textos - Transformación y ciclos energéticos
Generado concepto 96: Lectura crítica de textos - Experimentos y demostraciones escolares
Generado concepto 97: Lectura crítica de textos - Consecuencias a largo plazo
Generado concepto 98: Lectura crítica de textos - Impacto ambiental
Generado concepto 99: Lectura crítica de textos - Mantenimiento y prevención
Generado concepto 100: Contexto de comprensión lectora - Definición anatómica o estructural
Generado concepto 101: Lectura crítica de textos - Proyecciones futuras y tecnología
Generado concepto 102: Contexto de comprensión lectora - Dinámica y funcionamiento físico
Generado concepto 103: Contexto de comprensión lectora - Propiedades químicas o materiales
Generado concepto 104: Contexto de comprensión lectora - Historia, origen y evolución
Generado concepto 105: Contexto de comprensión lectora - Errores, fallas y patologías comunes
Generado concepto 106: Contexto de comprensión lectora - Contexto y entorno ecológico
Generado concepto 107: Contexto de comprensión lectora - Aplicaciones prácticas en la vida real
Generado concepto 108: Contexto de comprensión lectora - Ventajas y desventajas comparativas
Generado concepto 109: Contexto de comprensión lectora - Importancia e impacto social
Generado concepto 110: Contexto de comprensión lectora - Clasificación taxonómica
Generado concepto 111: Contexto de comprensión lectora - Riesgos y medidas de seguridad
Generado concepto 112: Contexto de comprensión lectora - Cálculos y fórmulas asociadas
Generado concepto 113: Contexto de comprensión lectora - Mitos y concepciones erróneas
Generado concepto 114: Contexto de comprensión lectora - Relación simbiótica con otros sistemas
Generado concepto 115: Contexto de comprensión lectora - Transformación y ciclos energéticos
Generado concepto 116: Contexto de comprensión lectora - Experimentos y demostraciones escolares
Generado concepto 117: Contexto de comprensión lectora - Consecuencias a largo plazo
Generado concepto 118: Contexto de comprensión lectora - Impacto ambiental
Generado concepto 119: Contexto de comprensión lectora - Mantenimiento y prevención
Generado concepto 120: Contexto de comprensión lectora - Proyecciones futuras y tecnología
Generado concepto 121: Ideas secundarias de lectura - Definición anatómica o estructural
Generado concepto 122: Ideas secundarias de lectura - Dinámica y funcionamiento físico
Generado concepto 123: Ideas secundarias de lectura - Propiedades químicas o materiales
Generado concepto 124: Ideas secundarias de lectura - Errores, fallas y patologías comunes
Generado concepto 125: Ideas secundarias de lectura - Contexto y entorno ecológico
Generado concepto 126: Ideas secundarias de lectura - Historia, origen y evolución
Generado concepto 127: Ideas secundarias de lectura - Aplicaciones prácticas en la vida real
Generado concepto 128: Ideas secundarias de lectura - Importancia e impacto social
Generado concepto 129: Ideas secundarias de lectura - Riesgos y medidas de seguridad
Generado concepto 130: Ideas secundarias de lectura - Ventajas y desventajas comparativas
Generado concepto 131: Ideas secundarias de lectura - Clasificación taxonómica
Generado concepto 132: Ideas secundarias de lectura - Cálculos y fórmulas asociadas
Generado concepto 133: Ideas secundarias de lectura - Mitos y concepciones erróneas
Generado concepto 134: Ideas secundarias de lectura - Relación simbiótica con otros sistemas
Generado concepto 135: Ideas secundarias de lectura - Transformación y ciclos energéticos
Generado concepto 136: Ideas secundarias de lectura - Experimentos y demostraciones escolares
Generado concepto 137: Ideas secundarias de lectura - Consecuencias a largo plazo
Generado concepto 138: Ideas secundarias de lectura - Impacto ambiental
Generado concepto 139: Ideas secundarias de lectura - Mantenimiento y prevención
Generado concepto 140: Detalles específicos del texto - Definición anatómica o estructural
Generado concepto 141: Ideas secundarias de lectura - Proyecciones futuras y tecnología
Generado concepto 142: Detalles específicos del texto - Dinámica y funcionamiento físico
Generado concepto 143: Detalles específicos del texto - Propiedades químicas o materiales
Generado concepto 144: Detalles específicos del texto - Errores, fallas y patologías comunes
Generado concepto 145: Detalles específicos del texto - Historia, origen y evolución
Generado concepto 146: Detalles específicos del texto - Contexto y entorno ecológico
Generado concepto 147: Detalles específicos del texto - Aplicaciones prácticas en la vida real
Generado concepto 148: Detalles específicos del texto - Importancia e impacto social
Generado concepto 149: Detalles específicos del texto - Ventajas y desventajas comparativas
Generado concepto 150: Detalles específicos del texto - Riesgos y medidas de seguridad
Generado concepto 151: Detalles específicos del texto - Clasificación taxonómica
Generado concepto 152: Detalles específicos del texto - Cálculos y fórmulas asociadas
Generado concepto 153: Detalles específicos del texto - Mitos y concepciones erróneas
Generado concepto 154: Detalles específicos del texto - Relación simbiótica con otros sistemas
Generado concepto 155: Detalles específicos del texto - Experimentos y demostraciones escolares
Generado concepto 156: Detalles específicos del texto - Transformación y ciclos energéticos
Generado concepto 157: Detalles específicos del texto - Consecuencias a largo plazo
Generado concepto 158: Detalles específicos del texto - Impacto ambiental
Generado concepto 159: Detalles específicos del texto - Mantenimiento y prevención
Generado concepto 160: Detalles específicos del texto - Proyecciones futuras y tecnología
Generado concepto 161: Propósito del autor leído - Definición anatómica o estructural
Generado concepto 162: Propósito del autor leído - Dinámica y funcionamiento físico
Generado concepto 163: Propósito del autor leído - Propiedades químicas o materiales
Generado concepto 164: Propósito del autor leído - Errores, fallas y patologías comunes
Generado concepto 165: Propósito del autor leído - Historia, origen y evolución
Generado concepto 166: Propósito del autor leído - Contexto y entorno ecológico
Generado concepto 167: Propósito del autor leído - Aplicaciones prácticas en la vida real
Generado concepto 168: Propósito del autor leído - Importancia e impacto social
Generado concepto 169: Propósito del autor leído - Ventajas y desventajas comparativas
Generado concepto 170: Propósito del autor leído - Riesgos y medidas de seguridad
Generado concepto 171: Propósito del autor leído - Clasificación taxonómica
Generado concepto 172: Propósito del autor leído - Cálculos y fórmulas asociadas
Generado concepto 173: Propósito del autor leído - Mitos y concepciones erróneas
Generado concepto 174: Propósito del autor leído - Relación simbiótica con otros sistemas
Generado concepto 175: Propósito del autor leído - Experimentos y demostraciones escolares
Generado concepto 176: Propósito del autor leído - Transformación y ciclos energéticos
Generado concepto 177: Propósito del autor leído - Consecuencias a largo plazo
Generado concepto 178: Propósito del autor leído - Impacto ambiental
Generado concepto 179: Propósito del autor leído - Mantenimiento y prevención
Generado concepto 180: Propósito del autor leído - Proyecciones futuras y tecnología
Generado concepto 181: Intención comunicativa de lectura - Definición anatómica o estructural
Generado concepto 182: Intención comunicativa de lectura - Dinámica y funcionamiento físico
Generado concepto 183: Intención comunicativa de lectura - Propiedades químicas o materiales
Generado concepto 184: Intención comunicativa de lectura - Errores, fallas y patologías comunes
Generado concepto 185: Intención comunicativa de lectura - Historia, origen y evolución
Generado concepto 186: Intención comunicativa de lectura - Contexto y entorno ecológico
Generado concepto 187: Intención comunicativa de lectura - Aplicaciones prácticas en la vida real
Generado concepto 188: Intención comunicativa de lectura - Importancia e impacto social
Generado concepto 189: Intención comunicativa de lectura - Ventajas y desventajas comparativas
Generado concepto 190: Intención comunicativa de lectura - Riesgos y medidas de seguridad
Generado concepto 191: Intención comunicativa de lectura - Cálculos y fórmulas asociadas
Generado concepto 192: Intención comunicativa de lectura - Clasificación taxonómica
Generado concepto 193: Intención comunicativa de lectura - Mitos y concepciones erróneas
Generado concepto 194: Intención comunicativa de lectura - Relación simbiótica con otros sistemas
Generado concepto 195: Intención comunicativa de lectura - Transformación y ciclos energéticos
Generado concepto 196: Intención comunicativa de lectura - Experimentos y demostraciones escolares
Generado concepto 197: Intención comunicativa de lectura - Consecuencias a largo plazo
Generado concepto 198: Intención comunicativa de lectura - Impacto ambiental
Generado concepto 199: Intención comunicativa de lectura - Mantenimiento y prevención
Generado concepto 200: Intención comunicativa de lectura - Proyecciones futuras y tecnología
Generado concepto 201: Público objetivo del texto - Definición anatómica o estructural
Completado. Generados: 200
